# JRE version: Java(TM) SE Runtime Environment 18.9 (11.0.11+9) (build 11.0.11+9-LTS-194)
# Java VM: Java HotSpot(TM) 64-Bit Server VM 18.9 (11.0.11+9-LTS-194, mixed mode, tiered, compressed oops, g1 gc, windows-amd64)
Heap:
 garbage-first heap   total 129024K, used 11490K [0x0000000083600000, 0x0000000100000000)
  region size 1024K, 7 young (7168K), 5 survivors (5120K)
 Metaspace       used 38542K, capacity 39032K, committed 39212K, reserved 1083392K
  class space    used 4745K, capacity 4903K, committed 4992K, reserved 1048576K
GC Heap History (6 events):
Event: 0.801 GC heap before
{Heap before GC invocations=0 (full 0):
 garbage-first heap   total 129024K, used 24576K [0x0000000083600000, 0x0000000100000000)
  region size 1024K, 24 young (24576K), 0 survivors (0K)
 Metaspace       used 4763K, capacity 4802K, committed 5120K, reserved 1056768K
  class space    used 421K, capacity 426K, committed 512K, reserved 1048576K
}
Event: 0.808 GC heap after
{Heap after GC invocations=1 (full 0):
 garbage-first heap   total 129024K, used 2023K [0x0000000083600000, 0x0000000100000000)
  region size 1024K, 1 young (1024K), 1 survivors (1024K)
 Metaspace       used 4763K, capacity 4802K, committed 5120K, reserved 1056768K
  class space    used 421K, capacity 426K, committed 512K, reserved 1048576K
}
Event: 7.133 GC heap before
{Heap before GC invocations=1 (full 0):
 garbage-first heap   total 129024K, used 51175K [0x0000000083600000, 0x0000000100000000)
  region size 1024K, 51 young (52224K), 1 survivors (1024K)
 Metaspace       used 20646K, capacity 20972K, committed 21248K, reserved 1069056K
  class space    used 2426K, capacity 2538K, committed 2560K, reserved 1048576K
}
Event: 7.159 GC heap after
{Heap after GC invocations=2 (full 0):
 garbage-first heap   total 129024K, used 5808K [0x0000000083600000, 0x0000000100000000)
  region size 1024K, 5 young (5120K), 5 survivors (5120K)
 Metaspace       used 20646K, capacity 20972K, committed 21248K, reserved 1069056K
  class space    used 2426K, capacity 2538K, committed 2560K, reserved 1048576K
}
Event: 12.365 GC heap before
{Heap before GC invocations=3 (full 0):
 garbage-first heap   total 129024K, used 46768K [0x0000000083600000, 0x0000000100000000)
  region size 1024K, 46 young (47104K), 5 survivors (5120K)
 Metaspace       used 35064K, capacity 35498K, committed 35628K, reserved 1081344K
  class space    used 4274K, capacity 4433K, committed 4480K, reserved 1048576K
}
Event: 12.406 GC heap after
{Heap after GC invocations=4 (full 0):
 garbage-first heap   total 129024K, used 9388K [0x0000000083600000, 0x0000000100000000)
  region size 1024K, 9 young (9216K), 9 survivors (9216K)
 Metaspace       used 35064K, capacity 35498K, committed 35628K, reserved 1081344K
  class space    used 4274K, capacity 4433K, committed 4480K, reserved 1048576K
}

